YEAR, TITLE, AUTHORS, MS, PT, W, A, PLa, TAGS
2021 ,  Programming with Categories (draft)                                                                    ,  Brendan Fong; Bartosz Milewski; David Spivak                                       ,   , BOOK   ,   ,    , HS ,  CT
2021 ,  Witness Me - Constructive Arguments Must Be Guided with Concrete Witness                               ,  Hiromi Ishii                                                                       ,   , PEARL  ,   ,    , HS ,  TT
2021 ,  Discrete Mathematics - An Open Introduction 3. edition                                                 ,  Oscar Levin                                                                        ,   , BOOK   ,   ,    ,    ,  DM
2020 ,  Spinal atomic lambda-calculus                                                                          ,  D. Sherratt; W. Heijltjes; T. Gundersen; M. Parigot                                , LC,        ,   ,    ,    ,  LC
2018 ,  Reverse Mathematics - Proofs from the Inside Out                                                       ,  John Stillwell                                                                     ,   , BOOK   ,   ,    ,    ,  RM
2018 ,  The Little Typer                                                                                       ,  Daniel Friedman; David Christiansen                                                ,   , SERIES ,   ,    , SCH,  TT
2017 ,  Encoding Data in Lambda Calculus: An Introduction                                                      ,  Frank (Peng) Fu                                                                    , LC,        ,   ,    ,    ,  LC
2017 ,  Slicing the truth - on the computability theoretic and reverse mathematical                            ,  Benedict Eastaugh                                                                  ,   ,        ,   ,    ,    ,  RM
2016 ,  Quasipolynomial normalisation in deep inference via atomic flows and threshold formulae                ,  M. Parigot; T. Gundersen; A. Guglielmi; P. Bruscoli                                , LC,        ,   ,    ,    ,  LC
2016 ,  Set existence and closure conditions: unravelling the standard view of reverse mathematics             ,  Benedict Eastaugh                                                                  ,   ,        ,   ,    ,    ,  RM
2016 ,  Category Theory for Programmers                                                                        ,  Bartosz Milewski                                                                   ,   , BOOK   ,   ,    , HS ,  CT
2015 ,  The Little Prover                                                                                      ,  Daniel Friedman; Carl Eastlund                                                     ,   , SERIES ,   ,    , SCH,  PT
2015 ,  Reverse Mathematics - A Philosophical Account                                                          ,  Benedict Eastaugh                                                                  ,   , THESIS ,   ,    ,    ,  RM
2014 ,  Turing's Legacy: Developments from Turing's Ideas in Logic                                             ,  Rod Downey; (ed.)                                                                  ,   ,        ,   ,    ,    ,  FoM
2014 ,  The Church-Scott representation of inductive and coinductive data                                      ,  Herman Geuvers                                                                     , LC,        ,   ,    ,    ,  LC
2013 ,  An Introduction to Gödel's Theorems (2nd ed.)                                                          ,  Peter Smith                                                                        ,   ,        ,   ,    ,    ,  ToC
2013 ,  A proof of strong normalisation of the typed atomic lambda-calculus                                    ,  T. Gundersen; W. Heijltjes; M. Parigot                                             , LC,        ,   ,    ,    ,  LC PT
2013 ,  Atomic lambda calculus: A typed lambda-calculus with explicit sharing                                  ,  T. Gundersen; W. Heijltjes; M. Parigot                                             , LC,        ,   ,    ,    ,  LC
2013 ,  Atomic lambda-calculus                                                                                 ,  T. Gundersen; W. Heijltjes; M. Parigot                                             , LC,        ,   ,    ,    ,  LC
2013 ,  Un lambda-calcul atomique                                                                              ,  T. Gundersen; W. Heijltjes; M. Parigot                                             , LC,        ,   ,    ,    ,  LC
2013 ,  Programming in the λ-calculus: From Church to Scott and back                                           ,  Jan Martin Jansen                                                                  , LC,        ,   ,    ,    ,  LC
2013 ,  Global semantic typing for inductive and coinductive computing                                         ,  Daniel Leivant                                                                     , LC,        ,   ,    ,    ,  LC
2013 ,  Programming in the λ-calculus - from Church to Scott and Back                                          ,  Jan Martin Jansen                                                                  , LC,        ,   ,    ,    ,  LC
2012 ,  On constructor rewrite systems and the lambda calculus                                                 ,  Ugo Dal Lago; Simone Martini                                                       , LC,        ,   ,    ,    ,  LC
2011 ,  A Tentative Atomic Calculus for Natural Deduction                                                      ,  T. Gundersen; M. Parigot                                                           , LC,        ,   ,    ,    ,  LC
2011 ,  A Quasipolynomial Normalisation Procedure in Deep Inference                                            ,  P. Bruscoli; A. Guglielmi; T. Gundersen; M. Parigot                                , LC,        ,   ,    ,    ,  LC
2011 ,  A Symmetric Natural Deduction                                                                          ,  M. Parigot                                                                         , LC,        ,   ,    ,    ,  LC
2010 ,  A quasipolynomial cut-elimination procedure in deep inference via atomic flows and threshold formulae  ,  P. Bruscoli; A. Guglielmi; T. Gundersen; M. Parigot                                , LC,        ,   ,    ,    ,  LC
2010 ,  Comprehensive encoding of data types and algorithms in the λ-calculus                                  ,  Jan Martin Jansen; Rinus Plasmeijer; Pieter Koopman                                , LC, PEARL  ,   ,    ,    ,  LC 
2010 ,  A proof calculus which reduces syntactic bureaucracy                                                   ,  A. Guglielmi; T. Gundersen; M. Parigot                                             , LC,        ,   ,    ,    ,  LC PT
2010 ,  Strong normalization for System F by HOAS on top of FOAS                                               ,  A. Popescu; C. Osborn; E. Gunter                                                   , LC,        ,   ,    ,    ,  LC TT
2010 ,  Church => Scott = Ptime: an application of resource sensitive realizability                            ,  Aloïs Brunel; Kazushige Terui                                                      , LC,        ,   ,    ,    ,  LC
2009 ,  Directly reflective meta-programming                                                                   ,  Aaron Stump                                                                        , LC,        ,   ,    ,    ,  LC
2008 ,  Lambda-calculus and combinators: an introduction (3rd ed.)                                             ,  Roger Hindley; J. Seldin                                                           ,   , BOOK   ,   ,    ,    ,  LC
2008 ,  An unsolvable numeral system in lambda calculus                                                        ,  Erik Barendsen                                                                     , LC, PEARL  ,   ,    ,    ,  LC
2007 ,  Iteration and primitive recursion in categorical terms                                                 ,  H. Geuvers; E. Poll                                                                , LC,        ,   ,    ,    ,  LC
2007 ,  Computability and logic                                                                                ,  G. Boolos; J. Burgess; R. Jeffrey                                                  ,   , BOOK   ,   ,    ,    ,  ToC LO
2006 ,  History of lambda-calculus and combinatory logic                                                       ,  Cardone; Roger Hindley                                                             , LC,        ,   ,    ,    ,  LC CL
2005 ,  Church numerals; twice!                                                                                ,  Ralf Hinze                                                                         , LC, PEARL  ,   ,    ,    ,  LC
2005 ,  Abstract computing machines - a lambda calculus perspective                                            ,  Werner Kluge                                                                       , LC,        ,   ,    ,    ,  LC
2005 ,  Proof methods for corecursive programs                                                                 ,  J. Gibbons; G. Hutton                                                              ,   ,        ,   ,    ,    ,  FOLD PT
2005 ,  Godel's Proof                                                                                          ,  Ernest Nagel; James Newman                                                         ,   , BOOK   ,   ,    ,    ,  FoM
2004 ,  On constructive existence                                                                              ,  M. Parigot                                                                         , LC,        ,   ,    ,    ,  LC
2004 ,  Inverting the Burrows-Wheeler transform                                                                ,  Richard Bird; S. Mu                                                                ,   ,        ,   ,    ,    ,  PD PLT
2004 ,  An algebra of scans                                                                                    ,  Ralf Hinze                                                                         ,   ,        ,   ,    ,    ,  FOLD
2004 ,  An introduction to lambda calculi for computer scientists                                              ,  Chris Hankin                                                                       , LC,        ,   ,    ,    ,  LC
2003 ,  Arithmetic coding with folds and unfolds                                                               ,  Richard Bird; J. Gibbons                                                           ,   ,        ,   ,    ,    ,  PD PLT
2003 ,  Rebuilding a tree from its traversals: a case study of program inversion                               ,  S. Mu; Richard Bird                                                                ,   ,        ,   ,    ,    ,  ALG TREE
2003 ,  Lectures in Logic and Set Theory: Volume 1; Mathematical Logic                                         ,  George Tourlakis                                                                   ,   ,        ,   ,    ,    ,  LO ST
2003 ,  Theory and applications of inverting functions as folds                                                ,  S. Mu; Richard Bird                                                                ,   ,        ,   ,    ,    ,  FOLD
2002 ,  Constructing tournament representations: an exercise in pointwise relational programming               ,  Ralf Hinze                                                                         ,   ,        ,   ,    ,    ,  PLT
2002 ,  The countdown problem                                                                                  ,  G. Hutton                                                                          ,   ,        ,   ,    ,    ,  ALG
2002 ,  Galois connections and fixed point calculus                                                            ,  R. Backhouse                                                                       ,   ,        ,   ,    ,    ,  PD PLT
2002 ,  Algebraic and Coalgebraic Methods in the Mathematics of Program Construction                           ,  R. Backhouse; Crole; R.; J. Gibbons (eds.)                                         ,   ,        ,   ,    ,    ,  PD PLT
2002 ,  Algebraic methods for optimization problems                                                            ,  Richard Bird; J. Gibbons; S. Mu                                                    ,   ,        ,   ,    ,    ,  PD PLT
2002 ,  Calculating functional programs                                                                        ,  J. Gibbons                                                                         ,   ,        ,   ,    ,    ,  PD PLT
2002 ,  Towards a modular program derivation via fusion and tupling                                            ,  W. Chin; Z. Hu                                                                     ,   ,        ,   ,    ,    ,  PD PLT
2001 ,  Maximum marking problems                                                                               ,  Richard Bird                                                                       ,   ,        ,   ,    ,    ,  PD PLT
2001 ,  More Church-Rosser proofs (in Isabelle/HOL)                                                            ,  T. Nipkow                                                                          ,   ,        ,   ,    ,    ,  PT
2001 ,  When is a function a fold or an unfold                                                                 ,  J. Gibbons; G. Hutton.; T. Altenkirch                                              ,   ,        ,   ,    , HS ,  FOLD HASKELL
2000 ,  Perfect trees and bit-reversal permutations                                                            ,  Ralpf Hinze                                                                        ,   ,        ,   ,    ,    ,  ALG TREE
2000 ,  Make it practical: a generic linear-time algorithm for solving maximum-weight sum problems             ,  I. Sasano; Z. Hu; M. TakeichiOgawa                                                 ,   ,        ,   ,    ,    ,  ALG
2000 ,  Logic for Programming and Automated Reasoning                                                          ,  M. Parigot; A. Voronkov                                                            , LC,        ,   ,    ,    ,  LC LO
2000 ,  AJL-calculus: an algorithmic interpretation of classical natural deduction                             ,  M. Parigot                                                                         , LC,        ,   ,    ,    ,  LC
2000 ,  On the computational interpretation of negation                                                        ,  M. Parigot                                                                         , LC,        ,   ,    ,    ,  LC
2000 ,  Strong normalization of second order symmetric lambda-calculus                                         ,  M. Parigot                                                                         , LC,        ,   ,    ,    ,  LC
2000 ,  Introduction to lambda calculus                                                                        ,  Henk Barendregt; Erik Barendsen                                                    ,   , SEMINAL,   ,    ,    ,  LC
1999 ,  Mendler-style inductive types; categorically                                                           ,  Tarmo Uustalu; Varmo Vene                                                          , LC,        ,   ,    ,    ,  LC
1999 ,  Type Theory and Functional Programming                                                                 ,  Simon Thompson                                                                     ,   , BOOK   ,   ,    ,    ,  FP TT
1999 ,  A tutorial on the universality and expressiveness of fold                                              ,  G. Hutton                                                                          ,   ,        ,   ,    , HS ,  FOLD
1999 ,  Program optimisation; naturally                                                                        ,  R. Bird; J. Gibbons; G. Jones                                                      ,   ,        ,   ,    ,    ,  PD PLT
1999 ,  Bridging the algorithm gap: A linear-time functional program for paragraph formatting                  ,  O. de Moor; J. Gibbons                                                             ,   ,        ,   ,    ,    ,  PD PLT
1999 ,  Primitive (co)recursion and course-of-value (co)iteration; categorically                               ,  Tarmo Uustalu; Varmo Vene                                                          , LC,        ,   ,    ,    ,  LC CT
1999 ,  A pointless derivation of radixsort                                                                    ,  J. Gibbons                                                                         ,   ,        ,   ,    ,    ,  PD PLT
1998 ,  Introduction to Functional Programming using Haskell                                                   ,  Richard Bird                                                                       ,   , BOOK   ,   ,    , HS ,  FP
1998 ,  The under-appreciated unfold                                                                           ,  J. Gibbons; G. Jones                                                               ,   ,        ,   ,    , HS ,  FOLD
1997 ,  Proofs of strong normalisation for second order classical natural deduction                            ,  M. Parigot                                                                         , LC,        ,   ,    ,    ,  LC LO PT
1997 ,  The impact of the lambda calculus in logic and computer science                                        ,  Hendrik Barendregt                                                                 , LC,        ,   ,    ,    ,  LC
1997 ,  Algebra of Programming. International Series in Computer Science                                       ,  R. Bird; O. de Moor                                                                ,   , BOOK   ,   ,    ,    ,  AA
1997 ,  On building trees with minimum height                                                                  ,  Richard Bird                                                                       ,   ,        ,   ,    ,    ,  PD PLT
1997 ,  A tutorial on (co)algebras and (co)induction                                                           ,  B. Jacobs; J. Rutten                                                               ,   ,        ,   ,    ,    ,  AA CT
1997 ,  Computability and complexity: from a programming perspective                                           ,  N. Jones                                                                           ,   , BOOK   ,   ,    ,    ,  ToC
1996 ,  Programmer avec Scheme - de la pratique a la theorie                                                   ,  Jacques Chazarain                                                                  ,   , BOOK   ,   ,    , SCH,  ToC
1996 ,  Functional algorithm design                                                                            ,  Richard Bird                                                                       ,   ,        ,   ,    , HS ,  ALG FP
1996 ,  Construction of list homomorphisms via tupling and fusion                                              ,  Z. Hu; H. Iwasaki; M. Takeichi                                                     ,   ,        ,   ,    , HS ,  PD PLT
1996 ,  Deriving structural hylomorphisms from recursive definitions                                           ,  Z. Hu; H. Iwasaki; M. Takeichi                                                     ,   ,        ,   ,    , HS ,  PD PLT CT
1995 ,  Parallel reductions in λ-calculus                                                                      ,  M. Takahashi                                                                       , LC,        ,   ,    ,    ,  LC
1995 ,  Bananas in space: extending fold and unfold to exponential types                                       ,  E. Meijer; G. Hutton                                                               ,   ,        ,   ,    , HS ,  FOLD
1995 ,  Merging monads and folds for functional programming                                                    ,  E. Meijer; J. Jeuring                                                              ,   ,        ,   ,    , HS ,  FOLD FP
1995 ,  Shortcut deforestation in calculational form                                                           ,  A. Takano; E. Meijer                                                               ,   ,        ,   ,    , HS ,  FOLD
1995 ,  A tutorial on co-induction and functional programming                                                  ,  A. Gordon                                                                          ,   ,        ,   ,    , HS ,  FOLD FP
1994 ,  The lambda calculus - its syntax and semantics (second edition)                                        ,  Hendrik Barendregt                                                                 , LC,        ,   ,    ,    ,  LC
1994 ,  Some Results on Numeral Systems in λ-Calculus                                                          ,  Benedetto Intrigila                                                                , LC, PEARL  ,   ,    ,    ,  LC
1994 ,  An introduction to the Bird-Meertens formalism                                                         ,  J. Gibbons                                                                         ,   ,        ,   ,    , HS ,  PD PLT
1994 ,  The derivation of on-line algorithms; with an application to finding palindromes                       ,  J. Jeuring                                                                         ,   ,        ,   ,    , HS ,  ALG
1993 ,  Constant time reductions in lambda-calculus                                                            ,  M. Parigot; P. Roziere                                                             , LC,        ,   ,    ,    ,  LC
1993 ,  Church-Rosser property in classical free deduction                                                     ,  M. Parigot                                                                         , LC,        ,   ,    ,    ,  LC
1993 ,  Classical proofs as programs                                                                           ,  M. Parigot                                                                         , LC,        ,   ,    ,    ,  LC PT
1993 ,  Strong normalization for second order classical natural deduction                                      ,  M. Parigot                                                                         , LC,        ,   ,    ,    ,  LC
1993 ,  A formalization of the strong normalization proof for System F in LEGO                                 ,  T. Altenkirch                                                                      , LC,        ,   ,    ,    ,  LC TT PT
1993 ,  Types for the Scott numerals                                                                           ,  M. Abadi; L. Cardelli; G. Plotkin                                                  , LC,        ,   ,    ,    ,  LC
1993 ,  Linear-time breadth-first tree algorithms: an exercise in the arithmetic of folds and zips             ,  J. Gibbons; G. Jones                                                               ,   ,        ,   ,    , HS ,  ALG TREE FOLD ZIP
1992 ,  ProPre - A programming language with proofs                                                            ,  P. Manoury; M. Parigot; M. Simonot                                                 , LC,        ,   ,    ,    ,  LC PT
1992 ,  Free deduction: An analysis of 'computations' in classical logic                                       ,  M. Parigot                                                                         , LC,        ,   ,    ,    ,  LC
1992 ,  Logic Programming: First Russian Conference on Logic Programming                                       ,  M. Parigot                                                                         ,   ,        ,   ,    ,    ,  LC TT LO LP
1992 ,  Recursive programming with proofs                                                                      ,  M. Parigot                                                                         , LC,        ,   ,    ,    ,  LC PT
1992 ,  λμ-calculus: an algorithmic interpretation of classical natural deduction                              ,  M. Parigot                                                                         , LC,        ,   ,    ,    ,  LC
1992 ,  Inductive and coinductive types with iteration and recursion                                           ,  Herman Geuvers                                                                     ,   ,        ,   ,    ,    ,  LC CT
1992 ,  Efficient self-interpretations in lambda calculus                                                      ,  Torben Æ. Mogensen                                                                 , LC,        ,   ,    ,    ,  LC
1992 ,  Combining angels; demons and miracles in program specifications                                        ,  R. J. R. Back; J. von Wright                                                       ,   ,        ,   ,    ,    ,  PD PLT
1992 ,  Longest segment problems                                                                               ,  H. Zantema                                                                         ,   ,        ,   ,    ,    ,  ALG
1992 ,  Recursive programming with proofs                                                                      ,  Michel Parigot                                                                     ,   ,        ,   ,    ,    ,  LC PT
1991 ,  Inductive types and type constraints in the second-order lambda calculus                               ,  Nax Paul Mendler                                                                   , LC,        ,   ,    ,    ,  LC
1991 ,  An unsolvable numeral system in lambda calculus                                                        ,  Erik Barendsen                                                                     , LC,        ,   ,    ,    ,  LC
1991 ,  Relational catamorphisms                                                                               ,  R. Backhouse; N. de Bruijn; G. Malcolm; E. Voermans; J. van der Woude              ,   ,        ,   ,    ,    ,  PD PLT CT
1991 ,  Functional programming with bananas; lenses; envelopes and barbed wire                                 ,  E. Meijer; M. Fokkinga; R. Paterson                                                ,   ,        ,   ,    , HS ,  FOLD CT FP
1991 ,  Incremental algorithms on lists                                                                        ,  J. Jeuring                                                                         ,   ,        ,   ,    ,    ,  ALG LIST
1991 ,  Inductive types and type constraints in the second-order lambda calculus                               ,  Nax Paul Mendler                                                                   , LC,        ,   ,    ,    ,  LC
1990 ,  Proofs and Types                                                                                       ,  J. Y. Girard; Y. Lafont; P. Taylor                                                 , LC, BOOK   ,   ,    ,    ,  LC PT TT
1990 ,  Internal labellings in lambda-calculus                                                                 ,  M. Parigot                                                                         , LC,        ,   ,    ,    ,  LC
1990 ,  Programming with proofs                                                                                ,  J. Krivine; M. Parigot                                                             , LC, SEMINAL,   ,    ,    ,  LC
1990 ,  Programming with proofs                                                                                ,  Jean-Louis Krivine; Michel Parigot                                                 ,   ,        ,   ,    ,    ,  LC PT
1990 ,  Programming languages - an interpreter-based approach                                                  ,  Samuel Kamin                                                                       ,   ,        ,   ,    ,    ,  PLT
1990 ,  Programming: the derivation of algorithms                                                              ,  A. Kaldewaij                                                                       ,   ,        ,   ,    ,    ,  PD PT PLT
1990 ,  Inorder traversal of a binary tree and its inversion                                                   ,  D. Gries; J. van de Snepscheut                                                     ,   ,        ,   ,    ,    ,  ALG
1989 ,  Equipe de Logique                                                                                      ,  M. Parigot                                                                         , LC,        ,   ,    ,    ,  LC
1989 ,  On the representation of data in lambda-calculus                                                       ,  M. Parigot                                                                         , LC,        ,   ,    ,    ,  LC
1989 ,  On Girard's 'candidats de réductibilité'                                                               ,  J. Gallier                                                                         , LC,        ,   ,    ,    ,  LC TT
1989 ,  Proofs and types                                                                                       ,  J. Y. Girard; Y. Lafont; P. Taylor                                                 ,   ,        ,   ,    ,    ,  TT PT
1989 ,  An introduction to functional programming through lambda calculus                                      ,  Greg Michaelson                                                                    , LC,        ,   ,    ,    ,  LC
1989 ,  A note on categorical datatypes                                                                        ,  G. C. Wraith                                                                       , LC,        ,   ,    ,    ,  LC
1989 ,  Lectures on constructive functional programming                                                        ,  Richard Bird                                                                       ,   ,        ,   ,    ,    ,  PD PLT
1989 ,  The maximum-segment-sum problem                                                                        ,  D. Gries                                                                           ,   ,        ,   ,    ,    ,  ALG
1988 ,  A calculus of refinements for program derivations                                                      ,  R. J. R. Back                                                                      ,   ,        ,   ,    ,    ,  PD PLT
1988 ,  Programming with proofs: a second order type theory                                                    ,  M. Parigot                                                                         , LC,        ,   ,    ,    ,  LC PT
1987 ,  Automata; games; and positive monadic theories of trees                                                ,  M. Parigot                                                                         ,   ,        ,   ,    ,    ,  ToC
1987 ,  The implementation of functional programming languages                                                 ,  Simon Peyton Jones                                                                 ,   ,        ,   ,    ,    ,  PLT FP
1987 ,  A typed lambda calculus with categorical type constructors                                             ,  Tatsuya Hagino                                                                     , LC,        ,   ,    ,    ,  LC
1985 ,  A logical approach of Petri net languages                                                              ,  M. Parigot; E. Pelz                                                                ,   ,        ,   ,    ,    ,  ToC
1985 ,  A logical formalism for the study of the finite behaviour of Petri nets                                ,  M. Parigot; E. Pelz                                                                ,   ,        ,   ,    ,    ,  ToC
1985 ,  Automatic synthesis of typed lambda-programs on term algebras                                          ,  Corrado Böhm; Alessandro Berarducci                                                , LC,        ,   ,    ,    ,  LC
1985 ,  Structure and interpretation of computer programs                                                      ,  Harold Abelson; Gerald Jay Sussman; Julie Sussman                                  ,   , SEMINAL,   ,    ,    ,  PLT
1984 ,  Automates; réseaux; formules                                                                           ,  M. Parigot                                                                         ,   ,        ,   ,    ,    ,  ToC
1984 ,  Omission des types dans les théories Π20 (Δ)                                                           ,  M. Parigot                                                                         ,   ,        ,   ,    ,    ,  TT
1981 ,  The Lambda Calculus - Its Syntax and Semantics                                                         ,  Hendrik Barendregt                                                                 , LC, SEMINAL,   ,    ,    ,  LC
1982 ,  Théories d'arbres                                                                                      ,  M. Parigot                                                                         ,   , SEMINAL,   ,    ,    ,  ToC
1982 ,  A programming approach to computability (2nd ed.)                                                      ,  A. Kfoury; R. Moll; M. Arbib                                                       ,   , SEMINAL,   ,    ,    ,  ToC
1981 ,  Denotational semantics                                                                                 ,  J. Stoy                                                                            ,   , SEMINAL,   ,    ,    ,  DS
1980 ,  Some unusual λ-calculus numeral systems                                                                ,  Ch. Wadsworth                                                                      , LC,        ,   ,    ,    ,  LC
1977 ,  The type free lambda calculus                                                                          ,  Hendrik Barendregt                                                                 , LC,        ,   ,    ,    ,  LC
1977 ,  A transformational system for developing recursive programs                                            ,  R. Burstall; J. Darlington                                                         ,   ,        ,   ,    ,    ,  PLT PD PLT
1976 ,  A discipline of programming                                                                            ,  E. Dijkstra                                                                        ,   ,        ,   ,    ,    ,  PLT
1972 ,  Lambda calculus notation with nameless dummies: a tool for automatic formula manipulation with …       ,  N. de Bruijn                                                                       , LC, SEMINAL,   ,    ,    ,  LC TT
1972 ,  A mathematical introduction to logic                                                                   ,  H. Enderton                                                                        ,   , BOOK   ,   ,    ,    ,  LO
1972 ,  Interprétation fonctionnelle et élimination des coupures de l'arithmétique d'ordre supérieur           ,  J. Girard                                                                          , LC,        ,   ,    ,    ,  LC TT
1972 ,  Combinatory Logic; volume 2                                                                            ,  H. Curry; J. Hindley; J. Seldin                                                    , LC, SEMINAL,   ,    ,    ,  LC
1971 ,  Categories for the Working Mathematician                                                               ,  Saunders Mac Lane                                                                  ,   , SEMINAL,   ,    ,    ,  CT
1963 ,  A system of functional abstraction                                                                     ,  D. Scott                                                                           , LC,        ,   ,    ,    ,  LC
1960 ,  Naive Set Theory                                                                                       ,  Paul Halmos                                                                        ,   , SEMINAL,   ,    ,    ,  ST
1958 ,  Combinatory Logic; volume 1                                                                            ,  Haskell Curry; Robert Feys                                                         ,   , SEMINAL,   ,    ,    ,  ToC CL
1952 ,  Introduction to Metamathematics                                                                        ,  Stephen Kleen                                                                      ,   , SEMINAL,   ,    ,    ,  PRF
1941 ,  The calculi of lambda conversion                                                                       ,  Alonzo Church                                                                      , LC, SEMINAL,   ,    ,    ,  LC
1940 ,  A formulation of the simple theory of types                                                            ,  Alonzo Church                                                                      , LC, SEMINAL,   ,    ,    ,  LC
1936 ,  Finite combinatory processes - formulation 1                                                           ,  Emil L. Post                                                                       ,   , SEMINAL,   ,    ,    ,  ToC
1935 ,  Recursive functions - General recursive functions of natural numbers                                   ,  Stephen C. Kleene                                                                  ,   , SEMINAL,   ,    ,    ,  ToC PRF
1936 ,  Turing machines - On computable numbers; with an application to the Entscheidungsproblem               ,  Alan M. Turing                                                                     ,   , SEMINAL,   ,    ,    ,  ToC
1935 ,  Lambda calculus - An unsolvable problem of elementary number theory                                    ,  Alonzo Church                                                                      , LC, SEMINAL,   ,    ,    ,  LC
1920 ,  Introduction to Mathematical Philosophy                                                                ,  Bertrand Russell                                                                   ,   ,        ,   ,    ,    ,  FoM
